# JRE version: OpenJDK Runtime Environment (8.0_151-b12) (build 1.8.0_151-8u151-b12-0ubuntu0.17.04.2-b12)
# Java VM: OpenJDK 64-Bit Server VM (25.151-b12 mixed mode linux-amd64 compressed oops)
Heap:
 PSYoungGen      total 255488K, used 2656K [0x00000000d6d80000, 0x00000000e6a80000, 0x0000000100000000)
  eden space 252416K, 0% used [0x00000000d6d80000,0x00000000d6d80000,0x00000000e6400000)
  from space 3072K, 86% used [0x00000000e6400000,0x00000000e6698010,0x00000000e6700000)
  to   space 2560K, 0% used [0x00000000e6700000,0x00000000e6700000,0x00000000e6980000)
 ParOldGen       total 84992K, used 2280K [0x0000000084800000, 0x0000000089b00000, 0x00000000d6d80000)
  object space 84992K, 2% used [0x0000000084800000,0x0000000084a3a0a0,0x0000000089b00000)
 Metaspace       used 5099K, capacity 5194K, committed 5248K, reserved 1056768K
  class space    used 582K, capacity 625K, committed 640K, reserved 1048576K
GC Heap History (10 events):
Event: 4.314 GC heap after
Heap after GC invocations=4 (full 0):
 PSYoungGen      total 68608K, used 1552K [0x00000000d6d80000, 0x00000000db580000, 0x0000000100000000)
  eden space 63488K, 0% used [0x00000000d6d80000,0x00000000d6d80000,0x00000000dab80000)
  from space 5120K, 30% used [0x00000000db080000,0x00000000db204020,0x00000000db580000)
  to   space 5120K, 0% used [0x00000000dab80000,0x00000000dab80000,0x00000000db080000)
 ParOldGen       total 84992K, used 24K [0x0000000084800000, 0x0000000089b00000, 0x00000000d6d80000)
  object space 84992K, 0% used [0x0000000084800000,0x0000000084806000,0x0000000089b00000)
 Metaspace       used 5099K, capacity 5194K, committed 5248K, reserved 1056768K
  class space    used 582K, capacity 625K, committed 640K, reserved 1048576K
}
Event: 5.086 GC heap before
{Heap before GC invocations=5 (full 0):
 PSYoungGen      total 68608K, used 65040K [0x00000000d6d80000, 0x00000000db580000, 0x0000000100000000)
  eden space 63488K, 100% used [0x00000000d6d80000,0x00000000dab80000,0x00000000dab80000)
  from space 5120K, 30% used [0x00000000db080000,0x00000000db204020,0x00000000db580000)
  to   space 5120K, 0% used [0x00000000dab80000,0x00000000dab80000,0x00000000db080000)
 ParOldGen       total 84992K, used 24K [0x0000000084800000, 0x0000000089b00000, 0x00000000d6d80000)
  object space 84992K, 0% used [0x0000000084800000,0x0000000084806000,0x0000000089b00000)
 Metaspace       used 5099K, capacity 5194K, committed 5248K, reserved 1056768K
  class space    used 582K, capacity 625K, committed 640K, reserved 1048576K
Event: 5.104 GC heap after
Heap after GC invocations=5 (full 0):
 PSYoungGen      total 68608K, used 2000K [0x00000000d6d80000, 0x00000000ded80000, 0x0000000100000000)
  eden space 63488K, 0% used [0x00000000d6d80000,0x00000000d6d80000,0x00000000dab80000)
  from space 5120K, 39% used [0x00000000dab80000,0x00000000dad74020,0x00000000db080000)
  to   space 2048K, 0% used [0x00000000deb80000,0x00000000deb80000,0x00000000ded80000)
 ParOldGen       total 84992K, used 24K [0x0000000084800000, 0x0000000089b00000, 0x00000000d6d80000)
  object space 84992K, 0% used [0x0000000084800000,0x0000000084806000,0x0000000089b00000)
 Metaspace       used 5099K, capacity 5194K, committed 5248K, reserved 1056768K
  class space    used 582K, capacity 625K, committed 640K, reserved 1048576K
}
Event: 5.945 GC heap before
{Heap before GC invocations=6 (full 0):
 PSYoungGen      total 68608K, used 65488K [0x00000000d6d80000, 0x00000000ded80000, 0x0000000100000000)
  eden space 63488K, 100% used [0x00000000d6d80000,0x00000000dab80000,0x00000000dab80000)
  from space 5120K, 39% used [0x00000000dab80000,0x00000000dad74020,0x00000000db080000)
  to   space 2048K, 0% used [0x00000000deb80000,0x00000000deb80000,0x00000000ded80000)
 ParOldGen       total 84992K, used 24K [0x0000000084800000, 0x0000000089b00000, 0x00000000d6d80000)
  object space 84992K, 0% used [0x0000000084800000,0x0000000084806000,0x0000000089b00000)
 Metaspace       used 5099K, capacity 5194K, committed 5248K, reserved 1056768K
  class space    used 582K, capacity 625K, committed 640K, reserved 1048576K
Event: 5.983 GC heap after
Heap after GC invocations=6 (full 0):
 PSYoungGen      total 128512K, used 2032K [0x00000000d6d80000, 0x00000000dee80000, 0x0000000100000000)
  eden space 126464K, 0% used [0x00000000d6d80000,0x00000000d6d80000,0x00000000de900000)
  from space 2048K, 99% used [0x00000000deb80000,0x00000000ded7c020,0x00000000ded80000)
  to   space 2560K, 0% used [0x00000000de900000,0x00000000de900000,0x00000000deb80000)
 ParOldGen       total 84992K, used 376K [0x0000000084800000, 0x0000000089b00000, 0x00000000d6d80000)
  object space 84992K, 0% used [0x0000000084800000,0x000000008485e010,0x0000000089b00000)
 Metaspace       used 5099K, capacity 5194K, committed 5248K, reserved 1056768K
  class space    used 582K, capacity 625K, committed 640K, reserved 1048576K
}
Event: 7.536 GC heap before
{Heap before GC invocations=7 (full 0):
 PSYoungGen      total 128512K, used 128496K [0x00000000d6d80000, 0x00000000dee80000, 0x0000000100000000)
  eden space 126464K, 100% used [0x00000000d6d80000,0x00000000de900000,0x00000000de900000)
  from space 2048K, 99% used [0x00000000deb80000,0x00000000ded7c020,0x00000000ded80000)
  to   space 2560K, 0% used [0x00000000de900000,0x00000000de900000,0x00000000deb80000)
 ParOldGen       total 84992K, used 376K [0x0000000084800000, 0x0000000089b00000, 0x00000000d6d80000)
  object space 84992K, 0% used [0x0000000084800000,0x000000008485e010,0x0000000089b00000)
 Metaspace       used 5099K, capacity 5194K, committed 5248K, reserved 1056768K
  class space    used 582K, capacity 625K, committed 640K, reserved 1048576K
Event: 7.555 GC heap after
Heap after GC invocations=7 (full 0):
 PSYoungGen      total 129024K, used 1824K [0x00000000d6d80000, 0x00000000e6980000, 0x0000000100000000)
  eden space 126464K, 0% used [0x00000000d6d80000,0x00000000d6d80000,0x00000000de900000)
  from space 2560K, 71% used [0x00000000de900000,0x00000000deac8010,0x00000000deb80000)
  to   space 2560K, 0% used [0x00000000e6700000,0x00000000e6700000,0x00000000e6980000)
 ParOldGen       total 84992K, used 1312K [0x0000000084800000, 0x0000000089b00000, 0x00000000d6d80000)
  object space 84992K, 1% used [0x0000000084800000,0x00000000849480a0,0x0000000089b00000)
 Metaspace       used 5099K, capacity 5194K, committed 5248K, reserved 1056768K
  class space    used 582K, capacity 625K, committed 640K, reserved 1048576K
}
Event: 8.879 GC heap before
{Heap before GC invocations=8 (full 0):
 PSYoungGen      total 129024K, used 128288K [0x00000000d6d80000, 0x00000000e6980000, 0x0000000100000000)
  eden space 126464K, 100% used [0x00000000d6d80000,0x00000000de900000,0x00000000de900000)
  from space 2560K, 71% used [0x00000000de900000,0x00000000deac8010,0x00000000deb80000)
  to   space 2560K, 0% used [0x00000000e6700000,0x00000000e6700000,0x00000000e6980000)
 ParOldGen       total 84992K, used 1312K [0x0000000084800000, 0x0000000089b00000, 0x00000000d6d80000)
  object space 84992K, 1% used [0x0000000084800000,0x00000000849480a0,0x0000000089b00000)
 Metaspace       used 5099K, capacity 5194K, committed 5248K, reserved 1056768K
  class space    used 582K, capacity 625K, committed 640K, reserved 1048576K
Event: 8.898 GC heap after
Heap after GC invocations=8 (full 0):
 PSYoungGen      total 254976K, used 2208K [0x00000000d6d80000, 0x00000000e6a80000, 0x0000000100000000)
  eden space 252416K, 0% used [0x00000000d6d80000,0x00000000d6d80000,0x00000000e6400000)
  from space 2560K, 86% used [0x00000000e6700000,0x00000000e6928010,0x00000000e6980000)
  to   space 3072K, 0% used [0x00000000e6400000,0x00000000e6400000,0x00000000e6700000)
 ParOldGen       total 84992K, used 1656K [0x0000000084800000, 0x0000000089b00000, 0x00000000d6d80000)
  object space 84992K, 1% used [0x0000000084800000,0x000000008499e0a0,0x0000000089b00000)
 Metaspace       used 5099K, capacity 5194K, committed 5248K, reserved 1056768K
  class space    used 582K, capacity 625K, committed 640K, reserved 1048576K
}
Event: 12.094 GC heap before
{Heap before GC invocations=9 (full 0):
 PSYoungGen      total 254976K, used 254624K [0x00000000d6d80000, 0x00000000e6a80000, 0x0000000100000000)
  eden space 252416K, 100% used [0x00000000d6d80000,0x00000000e6400000,0x00000000e6400000)
  from space 2560K, 86% used [0x00000000e6700000,0x00000000e6928010,0x00000000e6980000)
  to   space 3072K, 0% used [0x00000000e6400000,0x00000000e6400000,0x00000000e6700000)
 ParOldGen       total 84992K, used 1656K [0x0000000084800000, 0x0000000089b00000, 0x00000000d6d80000)
  object space 84992K, 1% used [0x0000000084800000,0x000000008499e0a0,0x0000000089b00000)
 Metaspace       used 5099K, capacity 5194K, committed 5248K, reserved 1056768K
  class space    used 582K, capacity 625K, committed 640K, reserved 1048576K

